#! /c/Source/iverilog-install/bin/vvp
:ivl_version "12.0 (devel)" "(s20150603-1110-g18392a46)";
:ivl_delay_selection "TYPICAL";
:vpi_time_precision - 10;
:vpi_module "C:\iverilog\lib\ivl\system.vpi";
:vpi_module "C:\iverilog\lib\ivl\vhdl_sys.vpi";
:vpi_module "C:\iverilog\lib\ivl\vhdl_textio.vpi";
:vpi_module "C:\iverilog\lib\ivl\v2005_math.vpi";
:vpi_module "C:\iverilog\lib\ivl\va_math.vpi";
:vpi_module "C:\iverilog\lib\ivl\v2009.vpi";
S_0000015eab7e68d0 .scope package, "$unit" "$unit" 2 1;
 .timescale 0 0;
S_0000015eab7e6a60 .scope module, "string_literals" "string_literals" 3 2;
 .timescale -9 -10;
v0000015eab7e6f60_0 .var/str "a";
    .scope S_0000015eab7e6a60;
T_0 ;
    %vpi_call/w 3 7 "$display", "@ %gns a = %s", $time, v0000015eab7e6f60_0 {0 0 0};
    %pushi/str "Hello Deepak";
    %store/str v0000015eab7e6f60_0;
    %vpi_call/w 3 9 "$display", "@ %gns a = %s", $time, v0000015eab7e6f60_0 {0 0 0};
    %delay 10, 0;
    %pushi/str "Over writing old string";
    %store/str v0000015eab7e6f60_0;
    %vpi_call/w 3 11 "$display", "@ %gns a = %s", $time, v0000015eab7e6f60_0 {0 0 0};
    %delay 10, 0;
    %pushi/str "This is multi line comment           and this is second line";
    %store/str v0000015eab7e6f60_0;
    %vpi_call/w 3 14 "$display", "@ %gns a = %s", $time, v0000015eab7e6f60_0 {0 0 0};
    %delay 10, 0;
    %vpi_call/w 3 15 "$finish" {0 0 0};
    %end;
    .thread T_0;
# The file index is used to find the file name in the following table.
:file_names 4;
    "N/A";
    "<interactive>";
    "-";
    "string_literals.sv";
