#! /c/Source/iverilog-install/bin/vvp
:ivl_version "12.0 (devel)" "(s20150603-1110-g18392a46)";
:ivl_delay_selection "TYPICAL";
:vpi_time_precision - 12;
:vpi_module "C:\iverilog\lib\ivl\system.vpi";
:vpi_module "C:\iverilog\lib\ivl\vhdl_sys.vpi";
:vpi_module "C:\iverilog\lib\ivl\vhdl_textio.vpi";
:vpi_module "C:\iverilog\lib\ivl\v2005_math.vpi";
:vpi_module "C:\iverilog\lib\ivl\va_math.vpi";
:vpi_module "C:\iverilog\lib\ivl\v2009.vpi";
S_0000020ba21168d0 .scope package, "$unit" "$unit" 2 1;
 .timescale 0 0;
S_0000020ba2116a60 .scope module, "time_literals" "time_literals" 3 2;
 .timescale -11 -12;
v0000020ba2117170_0 .var "a", 63 0;
    .scope S_0000020ba2116a60;
T_0 ;
    %vpi_call/w 3 6 "$monitor", "@ %g a = %t", $time, v0000020ba2117170_0 {0 0 0};
    %delay 10, 0;
    %pushi/vec4 100, 0, 64;
    %store/vec4 v0000020ba2117170_0, 0, 64;
    %delay 10, 0;
    %pushi/vec4 20, 0, 64;
    %store/vec4 v0000020ba2117170_0, 0, 64;
    %delay 10, 0;
    %pushi/vec4 30, 0, 64;
    %store/vec4 v0000020ba2117170_0, 0, 64;
    %delay 10, 0;
    %vpi_call/w 3 10 "$finish" {0 0 0};
    %end;
    .thread T_0;
# The file index is used to find the file name in the following table.
:file_names 4;
    "N/A";
    "<interactive>";
    "-";
    "time_literals.sv";
